<?xml version="1.0" encoding="UTF-8"?>
<!-- Generated by org.testng.reporters.JUnitReportReporter -->
<testsuite hostname="zhangpengxiangdeMacBook-Pro.local" name="com.smart.service.UserServiceTest" tests="2" failures="0" timestamp="16 Sep 2019 14:42:48 GMT" time="0.269" errors="0">
  <testcase name="findUserByUserName" time="0.259" classname="com.smart.service.UserServiceTest"/>
  <testcase name="hasMatchUser" time="0.010" classname="com.smart.service.UserServiceTest"/>
</testsuite> <!-- com.smart.service.UserServiceTest -->
